# column   1     --> step : The current simulation time step.
# column   2     --> potential : The physical system potential energy.
# column   3     --> forcemod : The modulus of the force.
    0.00000000e+00     1.07005099e-01     5.03816476e-02   
    1.00000000e+00     6.37791382e-02     3.67467734e-02   
    2.00000000e+00     5.79253193e-03     1.03894393e-02   
    3.00000000e+00     3.52334712e-04     2.56785302e-03   
    4.00000000e+00     1.68816322e-06     1.84756865e-04   
    5.00000000e+00     7.24568528e-08     2.31197645e-05   
    6.00000000e+00     7.16160760e-08     2.16939908e-05   
    7.00000000e+00     7.06896776e-08     2.07851772e-05   
    8.00000000e+00     6.71288317e-08     1.86978164e-05   
    9.00000000e+00     5.98338724e-08     1.66355598e-05   
    1.00000000e+01     4.42147229e-08     1.54978056e-05   
    1.10000000e+01     2.23231526e-08     1.48683930e-05   
    1.20000000e+01     5.49624303e-09     9.89512902e-06   
    1.30000000e+01     4.96775299e-10     3.14638504e-06   
    1.40000000e+01     1.29816545e-11     3.71558284e-07   
    1.50000000e+01     9.18684054e-14     2.08788658e-08   
    1.60000000e+01     1.69992403e-16     1.52126737e-09   
